<?xml version="1.0" encoding="UTF-8"?>
<testsuite name="com.mytransport.EasyImportApplicationTests" tests="1" skipped="0" failures="0" errors="0" timestamp="2026-03-17T22:16:31.195Z" hostname="DESKTOP-PC4P3JU" time="0.537">
  <properties/>
  <testcase name="contextLoads()" classname="com.mytransport.EasyImportApplicationTests" time="0.537"/>
  <system-out><![CDATA[00:16:23.755 [Test worker] INFO org.springframework.test.context.support.AnnotationConfigContextLoaderUtils -- Could not detect default configuration classes for test class [com.mytransport.EasyImportApplicationTests]: EasyImportApplicationTests does not declare any static, non-private, non-final, nested classes annotated with @Configuration.
00:16:23.899 [Test worker] INFO org.springframework.boot.test.context.SpringBootTestContextBootstrapper -- Found @SpringBootConfiguration com.mytransport.EasyImportApplication for test class com.mytransport.EasyImportApplicationTests

  .   ____          _            __ _ _
 /\\ / ___'_ __ _ _(_)_ __  __ _ \ \ \ \
( ( )\___ | '_ | '_| | '_ \/ _` | \ \ \ \
 \\/  ___)| |_)| | | | | || (_| |  ) ) ) )
  '  |____| .__|_| |_|_| |_\__, | / / / /
 =========|_|==============|___/=/_/_/_/

 :: Spring Boot ::                (v3.4.4)

2026-03-18T00:16:24.470+02:00  INFO 28476 --- [EasyImport] [    Test worker] c.m.EasyImportApplicationTests           : Starting EasyImportApplicationTests using Java 17.0.11 with PID 28476 (started by bojidar in F:\EasyImport)
2026-03-18T00:16:24.472+02:00  INFO 28476 --- [EasyImport] [    Test worker] c.m.EasyImportApplicationTests           : The following 1 profile is active: "test"
2026-03-18T00:16:25.249+02:00  INFO 28476 --- [EasyImport] [    Test worker] .s.d.r.c.RepositoryConfigurationDelegate : Bootstrapping Spring Data JPA repositories in DEFAULT mode.
2026-03-18T00:16:25.354+02:00  INFO 28476 --- [EasyImport] [    Test worker] .s.d.r.c.RepositoryConfigurationDelegate : Finished Spring Data repository scanning in 91 ms. Found 7 JPA repository interfaces.
2026-03-18T00:16:25.911+02:00  INFO 28476 --- [EasyImport] [    Test worker] o.hibernate.jpa.internal.util.LogHelper  : HHH000204: Processing PersistenceUnitInfo [name: default]
2026-03-18T00:16:25.977+02:00  INFO 28476 --- [EasyImport] [    Test worker] org.hibernate.Version                    : HHH000412: Hibernate ORM core version 6.6.11.Final
2026-03-18T00:16:26.015+02:00  INFO 28476 --- [EasyImport] [    Test worker] o.h.c.internal.RegionFactoryInitiator    : HHH000026: Second-level cache disabled
2026-03-18T00:16:26.369+02:00  INFO 28476 --- [EasyImport] [    Test worker] o.s.o.j.p.SpringPersistenceUnitInfo      : No LoadTimeWeaver setup: ignoring JPA class transformer
2026-03-18T00:16:26.401+02:00  INFO 28476 --- [EasyImport] [    Test worker] com.zaxxer.hikari.HikariDataSource       : HikariPool-1 - Starting...
2026-03-18T00:16:26.564+02:00  INFO 28476 --- [EasyImport] [    Test worker] com.zaxxer.hikari.pool.HikariPool        : HikariPool-1 - Added connection conn0: url=jdbc:h2:mem:testdb user=SA
2026-03-18T00:16:26.568+02:00  INFO 28476 --- [EasyImport] [    Test worker] com.zaxxer.hikari.HikariDataSource       : HikariPool-1 - Start completed.
2026-03-18T00:16:26.592+02:00  WARN 28476 --- [EasyImport] [    Test worker] org.hibernate.orm.deprecation            : HHH90000025: H2Dialect does not need to be specified explicitly using 'hibernate.dialect' (remove the property setting and it will be selected by default)
2026-03-18T00:16:26.619+02:00  INFO 28476 --- [EasyImport] [    Test worker] org.hibernate.orm.connections.pooling    : HHH10001005: Database info:
	Database JDBC URL [Connecting through datasource 'HikariDataSource (HikariPool-1)']
	Database driver: undefined/unknown
	Database version: 2.3.232
	Autocommit mode: undefined/unknown
	Isolation level: undefined/unknown
	Minimum pool size: undefined/unknown
	Maximum pool size: undefined/unknown
2026-03-18T00:16:27.639+02:00  INFO 28476 --- [EasyImport] [    Test worker] o.h.e.t.j.p.i.JtaPlatformInitiator       : HHH000489: No JTA platform available (set 'hibernate.transaction.jta.platform' to enable JTA platform integration)
2026-03-18T00:16:27.695+02:00  INFO 28476 --- [EasyImport] [    Test worker] j.LocalContainerEntityManagerFactoryBean : Initialized JPA EntityManagerFactory for persistence unit 'default'
2026-03-18T00:16:28.010+02:00  INFO 28476 --- [EasyImport] [    Test worker] o.s.d.j.r.query.QueryEnhancerFactory     : Hibernate is in classpath; If applicable, HQL parser will be used.
2026-03-18T00:16:29.582+02:00  WARN 28476 --- [EasyImport] [    Test worker] JpaBaseConfiguration$JpaWebConfiguration : spring.jpa.open-in-view is enabled by default. Therefore, database queries may be performed during view rendering. Explicitly configure spring.jpa.open-in-view to disable this warning
2026-03-18T00:16:29.617+02:00  INFO 28476 --- [EasyImport] [    Test worker] r$InitializeUserDetailsManagerConfigurer : Global AuthenticationManager configured with UserDetailsService bean with name userDetailsService
2026-03-18T00:16:29.700+02:00  INFO 28476 --- [EasyImport] [    Test worker] o.s.b.a.w.s.WelcomePageHandlerMapping    : Adding welcome page template: index
2026-03-18T00:16:30.375+02:00  INFO 28476 --- [EasyImport] [    Test worker] c.m.EasyImportApplicationTests           : Started EasyImportApplicationTests in 6.31 seconds (process running for 7.658)
]]></system-out>
  <system-err><![CDATA[]]></system-err>
</testsuite>
