<?xml version="1.0" encoding="UTF-8"?>
<testsuite name="com.mytransport.CarLogIntegrationTests" tests="2" skipped="0" failures="0" errors="0" timestamp="2026-03-17T14:17:48.856Z" hostname="FRLSF115PC" time="1.147">
  <properties/>
  <testcase name="detailRendersForOwner()" classname="com.mytransport.CarLogIntegrationTests" time="1.119"/>
  <testcase name="dashboardRendersForAdmin()" classname="com.mytransport.CarLogIntegrationTests" time="0.028"/>
  <system-out><![CDATA[16:17:39.586 [Test worker] INFO org.springframework.test.context.support.AnnotationConfigContextLoaderUtils -- Could not detect default configuration classes for test class [com.mytransport.CarLogIntegrationTests]: CarLogIntegrationTests does not declare any static, non-private, non-final, nested classes annotated with @Configuration.
16:17:39.751 [Test worker] INFO org.springframework.boot.test.context.SpringBootTestContextBootstrapper -- Found @SpringBootConfiguration com.mytransport.EasyImportApplication for test class com.mytransport.CarLogIntegrationTests

  .   ____          _            __ _ _
 /\\ / ___'_ __ _ _(_)_ __  __ _ \ \ \ \
( ( )\___ | '_ | '_| | '_ \/ _` | \ \ \ \
 \\/  ___)| |_)| | | | | || (_| |  ) ) ) )
  '  |____| .__|_| |_|_| |_\__, | / / / /
 =========|_|==============|___/=/_/_/_/

 :: Spring Boot ::                (v3.4.4)

2026-03-17T16:17:40.447+02:00  INFO 1092 --- [EasyImport] [    Test worker] com.mytransport.CarLogIntegrationTests   : Starting CarLogIntegrationTests using Java 17.0.11 with PID 1092 (started by frlsf115 in C:\EasyImport)
2026-03-17T16:17:40.451+02:00  INFO 1092 --- [EasyImport] [    Test worker] com.mytransport.CarLogIntegrationTests   : The following 1 profile is active: "test"
2026-03-17T16:17:41.484+02:00  INFO 1092 --- [EasyImport] [    Test worker] .s.d.r.c.RepositoryConfigurationDelegate : Bootstrapping Spring Data JPA repositories in DEFAULT mode.
2026-03-17T16:17:41.620+02:00  INFO 1092 --- [EasyImport] [    Test worker] .s.d.r.c.RepositoryConfigurationDelegate : Finished Spring Data repository scanning in 96 ms. Found 10 JPA repository interfaces.
2026-03-17T16:17:42.302+02:00  INFO 1092 --- [EasyImport] [    Test worker] o.hibernate.jpa.internal.util.LogHelper  : HHH000204: Processing PersistenceUnitInfo [name: default]
2026-03-17T16:17:42.400+02:00  INFO 1092 --- [EasyImport] [    Test worker] org.hibernate.Version                    : HHH000412: Hibernate ORM core version 6.6.11.Final
2026-03-17T16:17:42.436+02:00  INFO 1092 --- [EasyImport] [    Test worker] o.h.c.internal.RegionFactoryInitiator    : HHH000026: Second-level cache disabled
2026-03-17T16:17:42.837+02:00  INFO 1092 --- [EasyImport] [    Test worker] o.s.o.j.p.SpringPersistenceUnitInfo      : No LoadTimeWeaver setup: ignoring JPA class transformer
2026-03-17T16:17:42.885+02:00  INFO 1092 --- [EasyImport] [    Test worker] com.zaxxer.hikari.HikariDataSource       : HikariPool-1 - Starting...
2026-03-17T16:17:43.069+02:00  INFO 1092 --- [EasyImport] [    Test worker] com.zaxxer.hikari.pool.HikariPool        : HikariPool-1 - Added connection conn0: url=jdbc:h2:mem:testdb user=SA
2026-03-17T16:17:43.069+02:00  INFO 1092 --- [EasyImport] [    Test worker] com.zaxxer.hikari.HikariDataSource       : HikariPool-1 - Start completed.
2026-03-17T16:17:43.110+02:00  WARN 1092 --- [EasyImport] [    Test worker] org.hibernate.orm.deprecation            : HHH90000025: H2Dialect does not need to be specified explicitly using 'hibernate.dialect' (remove the property setting and it will be selected by default)
2026-03-17T16:17:43.137+02:00  INFO 1092 --- [EasyImport] [    Test worker] org.hibernate.orm.connections.pooling    : HHH10001005: Database info:
	Database JDBC URL [Connecting through datasource 'HikariDataSource (HikariPool-1)']
	Database driver: undefined/unknown
	Database version: 2.3.232
	Autocommit mode: undefined/unknown
	Isolation level: undefined/unknown
	Minimum pool size: undefined/unknown
	Maximum pool size: undefined/unknown
2026-03-17T16:17:44.601+02:00  INFO 1092 --- [EasyImport] [    Test worker] o.h.e.t.j.p.i.JtaPlatformInitiator       : HHH000489: No JTA platform available (set 'hibernate.transaction.jta.platform' to enable JTA platform integration)
2026-03-17T16:17:44.668+02:00  INFO 1092 --- [EasyImport] [    Test worker] j.LocalContainerEntityManagerFactoryBean : Initialized JPA EntityManagerFactory for persistence unit 'default'
2026-03-17T16:17:45.218+02:00  INFO 1092 --- [EasyImport] [    Test worker] o.s.d.j.r.query.QueryEnhancerFactory     : Hibernate is in classpath; If applicable, HQL parser will be used.
2026-03-17T16:17:46.837+02:00  WARN 1092 --- [EasyImport] [    Test worker] JpaBaseConfiguration$JpaWebConfiguration : spring.jpa.open-in-view is enabled by default. Therefore, database queries may be performed during view rendering. Explicitly configure spring.jpa.open-in-view to disable this warning
2026-03-17T16:17:46.884+02:00  INFO 1092 --- [EasyImport] [    Test worker] r$InitializeUserDetailsManagerConfigurer : Global AuthenticationManager configured with UserDetailsService bean with name userDetailsService
2026-03-17T16:17:46.993+02:00  INFO 1092 --- [EasyImport] [    Test worker] o.s.b.a.w.s.WelcomePageHandlerMapping    : Adding welcome page template: index
2026-03-17T16:17:47.820+02:00  INFO 1092 --- [EasyImport] [    Test worker] o.s.b.t.m.w.SpringBootMockServletContext : Initializing Spring TestDispatcherServlet ''
2026-03-17T16:17:47.820+02:00  INFO 1092 --- [EasyImport] [    Test worker] o.s.t.web.servlet.TestDispatcherServlet  : Initializing Servlet ''
2026-03-17T16:17:47.820+02:00  INFO 1092 --- [EasyImport] [    Test worker] o.s.t.web.servlet.TestDispatcherServlet  : Completed initialization in 0 ms
2026-03-17T16:17:47.869+02:00  INFO 1092 --- [EasyImport] [    Test worker] com.mytransport.CarLogIntegrationTests   : Started CarLogIntegrationTests in 7.948 seconds (process running for 9.495)
]]></system-out>
  <system-err><![CDATA[]]></system-err>
</testsuite>
